TN:
SF:src\App.tsx
FN:11,App
FNF:1
FNH:0
FNDA:0,App
DA:12,0
LF:1
LH:0
BRF:0
BRH:0
end_of_record
TN:
SF:src\api\adminApi.ts
FN:14,(anonymous_0)
FN:19,(anonymous_1)
FN:24,(anonymous_2)
FN:29,(anonymous_3)
FN:34,(anonymous_4)
FN:40,(anonymous_5)
FN:45,(anonymous_6)
FN:51,(anonymous_7)
FN:56,(anonymous_8)
FN:61,(anonymous_9)
FN:66,(anonymous_10)
FN:74,(anonymous_11)
FN:78,(anonymous_12)
FN:83,(anonymous_13)
FNF:14
FNH:0
FNDA:0,(anonymous_0)
FNDA:0,(anonymous_1)
FNDA:0,(anonymous_2)
FNDA:0,(anonymous_3)
FNDA:0,(anonymous_4)
FNDA:0,(anonymous_5)
FNDA:0,(anonymous_6)
FNDA:0,(anonymous_7)
FNDA:0,(anonymous_8)
FNDA:0,(anonymous_9)
FNDA:0,(anonymous_10)
FNDA:0,(anonymous_11)
FNDA:0,(anonymous_12)
FNDA:0,(anonymous_13)
DA:13,0
DA:15,0
DA:16,0
DA:20,0
DA:21,0
DA:25,0
DA:26,0
DA:30,0
DA:31,0
DA:35,0
DA:39,0
DA:41,0
DA:42,0
DA:46,0
DA:47,0
DA:52,0
DA:53,0
DA:57,0
DA:58,0
DA:62,0
DA:67,0
DA:70,0
DA:75,0
DA:79,0
DA:80,0
DA:84,0
DA:85,0
LF:27
LH:0
BRF:0
BRH:0
end_of_record
TN:
SF:src\api\authApi.ts
FN:10,(anonymous_0)
FN:19,(anonymous_1)
FN:27,(anonymous_2)
FN:36,(anonymous_3)
FN:45,(anonymous_4)
FN:53,(anonymous_5)
FN:58,(anonymous_6)
FNF:7
FNH:0
FNDA:0,(anonymous_0)
FNDA:0,(anonymous_1)
FNDA:0,(anonymous_2)
FNDA:0,(anonymous_3)
FNDA:0,(anonymous_4)
FNDA:0,(anonymous_5)
FNDA:0,(anonymous_6)
DA:8,0
DA:11,0
DA:15,0
DA:20,0
DA:23,0
DA:28,0
DA:32,0
DA:37,0
DA:41,0
DA:46,0
DA:49,0
DA:54,0
DA:59,0
LF:13
LH:0
BRF:0
BRH:0
end_of_record
TN:
SF:src\api\client.ts
FN:11,(anonymous_0)
FN:22,(anonymous_1)
FN:24,(anonymous_2)
FN:35,(anonymous_3)
FNF:4
FNH:0
FNDA:0,(anonymous_0)
FNDA:0,(anonymous_1)
FNDA:0,(anonymous_2)
FNDA:0,(anonymous_3)
DA:5,0
DA:11,0
DA:12,0
DA:13,0
DA:14,0
DA:20,0
DA:22,0
DA:23,0
DA:25,0
DA:27,0
DA:29,0
DA:30,0
DA:32,0
DA:34,0
DA:35,0
DA:36,0
DA:39,0
DA:41,0
DA:42,0
DA:43,0
DA:45,0
DA:48,0
DA:49,0
DA:50,0
DA:54,0
LF:25
LH:0
BRDA:13,0,0,0
BRDA:13,0,1,0
BRDA:25,1,0,0
BRDA:25,1,1,0
BRDA:29,2,0,0
BRDA:29,2,1,0
BRDA:29,3,0,0
BRDA:29,3,1,0
BRDA:29,3,2,0
BRDA:34,4,0,0
BRDA:34,4,1,0
BRDA:42,5,0,0
BRDA:42,5,1,0
BRF:13
BRH:0
end_of_record
TN:
SF:src\api\healthApi.ts
FN:5,(anonymous_0)
FN:14,(anonymous_1)
FNF:2
FNH:0
FNDA:0,(anonymous_0)
FNDA:0,(anonymous_1)
DA:4,0
DA:6,0
DA:7,0
DA:8,0
DA:10,0
DA:15,0
DA:16,0
DA:17,0
DA:20,0
DA:21,0
DA:22,0
LF:11
LH:0
BRDA:21,0,0,0
BRDA:21,0,1,0
BRF:2
BRH:0
end_of_record
TN:
SF:src\components\layout\AppShell.tsx
FN:5,AppShell
FNF:1
FNH:0
FNDA:0,AppShell
DA:6,0
LF:1
LH:0
BRF:0
BRH:0
end_of_record
TN:
SF:src\components\layout\Navbar.tsx
FN:21,NavItem
FN:24,(anonymous_1)
FN:30,(anonymous_2)
FN:46,Navbar
FN:51,(anonymous_4)
FN:84,(anonymous_5)
FNF:6
FNH:0
FNDA:0,NavItem
FNDA:0,(anonymous_1)
FNDA:0,(anonymous_2)
FNDA:0,Navbar
FNDA:0,(anonymous_4)
FNDA:0,(anonymous_5)
DA:22,0
DA:25,0
DA:30,0
DA:47,0
DA:48,0
DA:49,0
DA:51,0
DA:52,0
DA:53,0
DA:54,0
DA:56,0
DA:57,0
DA:61,0
DA:84,0
LF:14
LH:0
BRDA:29,0,0,0
BRDA:29,0,1,0
BRDA:32,1,0,0
BRDA:32,1,1,0
BRDA:33,2,0,0
BRDA:33,2,1,0
BRDA:86,3,0,0
BRDA:86,3,1,0
BRDA:87,4,0,0
BRDA:87,4,1,0
BRDA:88,5,0,0
BRDA:88,5,1,0
BRF:12
BRH:0
end_of_record
TN:
SF:src\components\layout\ProtectedRoute.tsx
FN:9,ProtectedRoute
FNF:1
FNH:0
FNDA:0,ProtectedRoute
DA:10,0
DA:16,0
DA:17,0
DA:27,0
DA:29,0
LF:5
LH:0
BRDA:16,0,0,0
BRDA:16,0,1,0
BRDA:27,1,0,0
BRDA:27,1,1,0
BRF:4
BRH:0
end_of_record
TN:
SF:src\components\ui\ThemeToggle.tsx
FN:4,ThemeToggle
FNF:1
FNH:0
FNDA:0,ThemeToggle
DA:5,0
DA:6,0
LF:2
LH:0
BRDA:13,0,0,0
BRDA:13,0,1,0
BRF:2
BRH:0
end_of_record
TN:
SF:src\config\env.ts
FNF:0
FNH:0
DA:1,0
LF:1
LH:0
BRDA:2,0,0,0
BRDA:2,0,1,0
BRDA:3,1,0,0
BRDA:3,1,1,0
BRF:4
BRH:0
end_of_record
TN:
SF:src\hooks\useAuth.ts
FN:5,useAuth
FN:17,(anonymous_1)
FN:27,(anonymous_2)
FN:32,(anonymous_3)
FN:42,(anonymous_4)
FN:52,(anonymous_5)
FNF:6
FNH:5
FNDA:10,useAuth
FNDA:2,(anonymous_1)
FNDA:0,(anonymous_2)
FNDA:1,(anonymous_3)
FNDA:1,(anonymous_4)
FNDA:1,(anonymous_5)
DA:13,10
DA:17,10
DA:21,2
DA:22,1
DA:23,1
DA:27,10
DA:28,0
DA:32,10
DA:36,1
DA:37,1
DA:38,1
DA:42,10
DA:46,1
DA:47,1
DA:48,1
DA:52,10
DA:53,1
DA:56,10
LF:18
LH:17
BRF:0
BRH:0
end_of_record
TN:
SF:src\pages\AdminsPage.tsx
FN:16,AdminsPage
FN:39,(anonymous_1)
FN:50,(anonymous_2)
FN:54,(anonymous_3)
FN:61,(anonymous_4)
FN:80,(anonymous_5)
FN:85,(anonymous_6)
FN:104,(anonymous_7)
FN:139,(anonymous_8)
FN:145,(anonymous_9)
FN:164,(anonymous_10)
FN:173,(anonymous_11)
FN:192,(anonymous_12)
FN:199,(anonymous_13)
FN:204,(anonymous_14)
FN:213,(anonymous_15)
FN:232,(anonymous_16)
FN:241,(anonymous_17)
FN:244,(anonymous_18)
FNF:19
FNH:0
FNDA:0,AdminsPage
FNDA:0,(anonymous_1)
FNDA:0,(anonymous_2)
FNDA:0,(anonymous_3)
FNDA:0,(anonymous_4)
FNDA:0,(anonymous_5)
FNDA:0,(anonymous_6)
FNDA:0,(anonymous_7)
FNDA:0,(anonymous_8)
FNDA:0,(anonymous_9)
FNDA:0,(anonymous_10)
FNDA:0,(anonymous_11)
FNDA:0,(anonymous_12)
FNDA:0,(anonymous_13)
FNDA:0,(anonymous_14)
FNDA:0,(anonymous_15)
FNDA:0,(anonymous_16)
FNDA:0,(anonymous_17)
FNDA:0,(anonymous_18)
DA:14,0
DA:17,0
DA:18,0
DA:19,0
DA:20,0
DA:23,0
DA:24,0
DA:25,0
DA:26,0
DA:27,0
DA:30,0
DA:31,0
DA:32,0
DA:35,0
DA:36,0
DA:37,0
DA:39,0
DA:40,0
DA:41,0
DA:42,0
DA:44,0
DA:46,0
DA:50,0
DA:54,0
DA:55,0
DA:56,0
DA:57,0
DA:58,0
DA:61,0
DA:62,0
DA:63,0
DA:64,0
DA:65,0
DA:66,0
DA:67,0
DA:68,0
DA:69,0
DA:71,0
DA:72,0
DA:74,0
DA:80,0
DA:81,0
DA:82,0
DA:85,0
DA:86,0
DA:87,0
DA:88,0
DA:89,0
DA:90,0
DA:91,0
DA:93,0
DA:94,0
DA:95,0
DA:97,0
DA:98,0
DA:104,0
DA:105,0
DA:107,0
DA:108,0
DA:112,0
DA:139,0
DA:145,0
DA:165,0
DA:173,0
DA:192,0
DA:199,0
DA:204,0
DA:213,0
DA:232,0
DA:241,0
DA:244,0
LF:71
LH:0
BRDA:72,0,0,0
BRDA:72,0,1,0
BRDA:86,1,0,0
BRDA:86,1,1,0
BRDA:94,2,0,0
BRDA:94,2,1,0
BRDA:130,3,0,0
BRDA:130,3,1,0
BRDA:151,4,0,0
BRDA:151,4,1,0
BRDA:169,5,0,0
BRDA:169,5,1,0
BRDA:196,6,0,0
BRDA:196,6,1,0
BRF:14
BRH:0
end_of_record
TN:
SF:src\pages\ClientsPage.tsx
FN:26,TruncatedCopy
FN:41,(anonymous_1)
FN:67,ClientCard
FN:102,(anonymous_3)
FN:107,(anonymous_4)
FN:112,(anonymous_5)
FN:118,(anonymous_6)
FN:124,(anonymous_7)
FN:130,(anonymous_8)
FN:134,(anonymous_9)
FN:146,(anonymous_10)
FN:165,ClientsPage
FN:208,(anonymous_12)
FN:219,(anonymous_13)
FN:221,(anonymous_14)
FN:222,(anonymous_15)
FN:232,(anonymous_16)
FN:240,(anonymous_17)
FN:248,(anonymous_18)
FN:249,(anonymous_19)
FN:249,(anonymous_20)
FN:252,(anonymous_21)
FN:253,(anonymous_22)
FN:256,(anonymous_23)
FN:257,(anonymous_24)
FN:257,(anonymous_25)
FN:260,(anonymous_26)
FN:264,(anonymous_27)
FN:303,(anonymous_28)
FN:308,(anonymous_29)
FN:313,(anonymous_30)
FN:327,(anonymous_31)
FN:332,(anonymous_32)
FN:357,(anonymous_33)
FN:360,(anonymous_34)
FN:360,(anonymous_35)
FN:366,(anonymous_36)
FN:369,(anonymous_37)
FN:369,(anonymous_38)
FN:378,(anonymous_39)
FN:385,(anonymous_40)
FN:406,(anonymous_41)
FN:410,(anonymous_42)
FN:443,(anonymous_43)
FN:450,(anonymous_44)
FN:457,(anonymous_45)
FN:463,(anonymous_46)
FN:473,(anonymous_47)
FN:482,(anonymous_48)
FN:500,(anonymous_49)
FN:512,(anonymous_50)
FN:524,(anonymous_51)
FN:529,(anonymous_52)
FN:534,(anonymous_53)
FN:566,(anonymous_54)
FN:575,(anonymous_55)
FN:578,(anonymous_56)
FN:587,(anonymous_57)
FN:596,(anonymous_58)
FN:602,(anonymous_59)
FN:612,(anonymous_60)
FN:651,(anonymous_61)
FN:655,(anonymous_62)
FN:672,(anonymous_63)
FN:690,(anonymous_64)
FN:699,(anonymous_65)
FN:710,(anonymous_66)
FNF:67
FNH:0
FNDA:0,TruncatedCopy
FNDA:0,(anonymous_1)
FNDA:0,ClientCard
FNDA:0,(anonymous_3)
FNDA:0,(anonymous_4)
FNDA:0,(anonymous_5)
FNDA:0,(anonymous_6)
FNDA:0,(anonymous_7)
FNDA:0,(anonymous_8)
FNDA:0,(anonymous_9)
FNDA:0,(anonymous_10)
FNDA:0,ClientsPage
FNDA:0,(anonymous_12)
FNDA:0,(anonymous_13)
FNDA:0,(anonymous_14)
FNDA:0,(anonymous_15)
FNDA:0,(anonymous_16)
FNDA:0,(anonymous_17)
FNDA:0,(anonymous_18)
FNDA:0,(anonymous_19)
FNDA:0,(anonymous_20)
FNDA:0,(anonymous_21)
FNDA:0,(anonymous_22)
FNDA:0,(anonymous_23)
FNDA:0,(anonymous_24)
FNDA:0,(anonymous_25)
FNDA:0,(anonymous_26)
FNDA:0,(anonymous_27)
FNDA:0,(anonymous_28)
FNDA:0,(anonymous_29)
FNDA:0,(anonymous_30)
FNDA:0,(anonymous_31)
FNDA:0,(anonymous_32)
FNDA:0,(anonymous_33)
FNDA:0,(anonymous_34)
FNDA:0,(anonymous_35)
FNDA:0,(anonymous_36)
FNDA:0,(anonymous_37)
FNDA:0,(anonymous_38)
FNDA:0,(anonymous_39)
FNDA:0,(anonymous_40)
FNDA:0,(anonymous_41)
FNDA:0,(anonymous_42)
FNDA:0,(anonymous_43)
FNDA:0,(anonymous_44)
FNDA:0,(anonymous_45)
FNDA:0,(anonymous_46)
FNDA:0,(anonymous_47)
FNDA:0,(anonymous_48)
FNDA:0,(anonymous_49)
FNDA:0,(anonymous_50)
FNDA:0,(anonymous_51)
FNDA:0,(anonymous_52)
FNDA:0,(anonymous_53)
FNDA:0,(anonymous_54)
FNDA:0,(anonymous_55)
FNDA:0,(anonymous_56)
FNDA:0,(anonymous_57)
FNDA:0,(anonymous_58)
FNDA:0,(anonymous_59)
FNDA:0,(anonymous_60)
FNDA:0,(anonymous_61)
FNDA:0,(anonymous_62)
FNDA:0,(anonymous_63)
FNDA:0,(anonymous_64)
FNDA:0,(anonymous_65)
FNDA:0,(anonymous_66)
DA:22,0
DA:27,0
DA:42,0
DA:71,0
DA:102,0
DA:107,0
DA:112,0
DA:118,0
DA:124,0
DA:130,0
DA:134,0
DA:147,0
DA:166,0
DA:167,0
DA:168,0
DA:169,0
DA:172,0
DA:173,0
DA:174,0
DA:175,0
DA:176,0
DA:177,0
DA:180,0
DA:181,0
DA:182,0
DA:185,0
DA:186,0
DA:187,0
DA:188,0
DA:189,0
DA:192,0
DA:193,0
DA:194,0
DA:197,0
DA:198,0
DA:199,0
DA:202,0
DA:203,0
DA:204,0
DA:205,0
DA:206,0
DA:208,0
DA:209,0
DA:210,0
DA:211,0
DA:213,0
DA:215,0
DA:219,0
DA:221,0
DA:222,0
DA:223,0
DA:224,0
DA:225,0
DA:226,0
DA:232,0
DA:233,0
DA:234,0
DA:235,0
DA:236,0
DA:237,0
DA:240,0
DA:241,0
DA:242,0
DA:243,0
DA:244,0
DA:245,0
DA:248,0
DA:249,0
DA:252,0
DA:253,0
DA:256,0
DA:257,0
DA:260,0
DA:261,0
DA:262,0
DA:263,0
DA:264,0
DA:265,0
DA:266,0
DA:267,0
DA:268,0
DA:270,0
DA:271,0
DA:272,0
DA:273,0
DA:274,0
DA:275,0
DA:277,0
DA:278,0
DA:279,0
DA:281,0
DA:282,0
DA:283,0
DA:284,0
DA:286,0
DA:287,0
DA:288,0
DA:289,0
DA:290,0
DA:291,0
DA:294,0
DA:295,0
DA:297,0
DA:303,0
DA:304,0
DA:305,0
DA:308,0
DA:309,0
DA:310,0
DA:311,0
DA:312,0
DA:313,0
DA:314,0
DA:315,0
DA:317,0
DA:318,0
DA:320,0
DA:321,0
DA:327,0
DA:328,0
DA:329,0
DA:332,0
DA:333,0
DA:334,0
DA:335,0
DA:336,0
DA:337,0
DA:338,0
DA:340,0
DA:341,0
DA:342,0
DA:343,0
DA:344,0
DA:345,0
DA:347,0
DA:348,0
DA:350,0
DA:351,0
DA:357,0
DA:358,0
DA:359,0
DA:360,0
DA:362,0
DA:366,0
DA:367,0
DA:368,0
DA:369,0
DA:371,0
DA:378,0
DA:379,0
DA:380,0
DA:381,0
DA:382,0
DA:385,0
DA:386,0
DA:387,0
DA:388,0
DA:389,0
DA:390,0
DA:391,0
DA:395,0
DA:397,0
DA:398,0
DA:400,0
DA:406,0
DA:407,0
DA:408,0
DA:409,0
DA:410,0
DA:412,0
DA:415,0
DA:416,0
DA:420,0
DA:443,0
DA:450,0
DA:457,0
DA:463,0
DA:474,0
DA:485,0
DA:500,0
DA:512,0
DA:525,0
DA:529,0
DA:534,0
DA:566,0
DA:575,0
DA:578,0
DA:587,0
DA:596,0
DA:602,0
DA:612,0
DA:651,0
DA:655,0
DA:672,0
DA:690,0
DA:699,0
DA:710,0
LF:197
LH:0
BRDA:26,0,0,0
BRDA:42,1,0,0
BRDA:42,1,1,0
BRDA:44,2,0,0
BRDA:44,2,1,0
BRDA:78,3,0,0
BRDA:78,3,1,0
BRDA:85,4,0,0
BRDA:85,4,1,0
BRDA:95,5,0,0
BRDA:95,5,1,0
BRDA:116,6,0,0
BRDA:116,6,1,0
BRDA:135,7,0,0
BRDA:135,7,1,0
BRDA:140,8,0,0
BRDA:140,8,1,0
BRDA:154,9,0,0
BRDA:154,9,1,0
BRDA:224,10,0,0
BRDA:224,10,1,0
BRDA:243,11,0,0
BRDA:243,11,1,0
BRDA:249,12,0,0
BRDA:249,12,1,0
BRDA:253,13,0,0
BRDA:253,13,1,0
BRDA:257,14,0,0
BRDA:257,14,1,0
BRDA:265,15,0,0
BRDA:265,15,1,0
BRDA:271,16,0,0
BRDA:271,16,1,0
BRDA:273,17,0,0
BRDA:273,17,1,0
BRDA:274,18,0,0
BRDA:274,18,1,0
BRDA:295,19,0,0
BRDA:295,19,1,0
BRDA:309,20,0,0
BRDA:309,20,1,0
BRDA:333,21,0,0
BRDA:333,21,1,0
BRDA:360,22,0,0
BRDA:360,22,1,0
BRDA:369,23,0,0
BRDA:369,23,1,0
BRDA:387,24,0,0
BRDA:387,24,1,0
BRDA:398,25,0,0
BRDA:398,25,1,0
BRDA:408,26,0,0
BRDA:408,26,1,0
BRDA:409,27,0,0
BRDA:409,27,1,0
BRDA:412,28,0,0
BRDA:412,28,1,0
BRDA:412,28,2,0
BRDA:436,29,0,0
BRDA:436,29,1,0
BRDA:469,30,0,0
BRDA:469,30,1,0
BRDA:501,31,0,0
BRDA:501,31,1,0
BRDA:504,32,0,0
BRDA:504,32,1,0
BRDA:527,33,0,0
BRDA:527,33,1,0
BRDA:533,34,0,0
BRDA:533,34,1,0
BRDA:541,35,0,0
BRDA:541,35,1,0
BRDA:558,36,0,0
BRDA:558,36,1,0
BRDA:613,37,0,0
BRDA:613,37,1,0
BRDA:626,38,0,0
BRDA:626,38,1,0
BRDA:641,39,0,0
BRDA:641,39,1,0
BRDA:646,40,0,0
BRDA:646,40,1,0
BRF:82
BRH:0
end_of_record
TN:
SF:src\pages\DashboardPage.tsx
FN:19,StatusCard
FN:56,DashboardPage
FN:62,(anonymous_2)
FN:69,(anonymous_3)
FN:76,(anonymous_4)
FN:81,(anonymous_5)
FN:84,(anonymous_6)
FNF:7
FNH:0
FNDA:0,StatusCard
FNDA:0,DashboardPage
FNDA:0,(anonymous_2)
FNDA:0,(anonymous_3)
FNDA:0,(anonymous_4)
FNDA:0,(anonymous_5)
FNDA:0,(anonymous_6)
DA:20,0
DA:21,0
DA:22,0
DA:24,0
DA:57,0
DA:58,0
DA:59,0
DA:60,0
DA:62,0
DA:63,0
DA:64,0
DA:65,0
DA:66,0
DA:69,0
DA:70,0
DA:71,0
DA:72,0
DA:73,0
DA:76,0
DA:77,0
DA:78,0
DA:81,0
DA:82,0
DA:83,0
DA:84,0
DA:87,0
LF:26
LH:0
BRDA:22,0,0,0
BRDA:22,0,1,0
BRDA:22,1,0,0
BRDA:22,1,1,0
BRDA:29,2,0,0
BRDA:29,2,1,0
BRDA:44,3,0,0
BRDA:44,3,1,0
BRDA:44,4,0,0
BRDA:44,4,1,0
BRDA:47,5,0,0
BRDA:47,5,1,0
BRDA:65,6,0,0
BRDA:65,6,1,0
BRDA:72,7,0,0
BRDA:72,7,1,0
BRF:16
BRH:0
end_of_record
TN:
SF:src\pages\FaqsPage.tsx
FN:11,FaqsPage
FNF:1
FNH:0
FNDA:0,FaqsPage
DA:12,0
DA:14,0
LF:2
LH:0
BRF:0
BRH:0
end_of_record
TN:
SF:src\pages\LoginPage.tsx
FN:24,LoginPage
FN:38,(anonymous_1)
FN:43,(anonymous_2)
FN:66,(anonymous_3)
FN:83,(anonymous_4)
FN:99,(anonymous_5)
FN:141,(anonymous_6)
FN:150,(anonymous_7)
FN:218,(anonymous_8)
FNF:9
FNH:0
FNDA:0,LoginPage
FNDA:0,(anonymous_1)
FNDA:0,(anonymous_2)
FNDA:0,(anonymous_3)
FNDA:0,(anonymous_4)
FNDA:0,(anonymous_5)
FNDA:0,(anonymous_6)
FNDA:0,(anonymous_7)
FNDA:0,(anonymous_8)
DA:25,0
DA:26,0
DA:27,0
DA:29,0
DA:30,0
DA:31,0
DA:32,0
DA:33,0
DA:34,0
DA:35,0
DA:38,0
DA:39,0
DA:43,0
DA:44,0
DA:45,0
DA:46,0
DA:47,0
DA:48,0
DA:49,0
DA:51,0
DA:52,0
DA:53,0
DA:56,0
DA:59,0
DA:61,0
DA:66,0
DA:67,0
DA:68,0
DA:69,0
DA:70,0
DA:71,0
DA:72,0
DA:73,0
DA:75,0
DA:76,0
DA:78,0
DA:83,0
DA:84,0
DA:85,0
DA:86,0
DA:87,0
DA:88,0
DA:89,0
DA:90,0
DA:92,0
DA:93,0
DA:95,0
DA:99,0
DA:100,0
DA:101,0
DA:102,0
DA:103,0
DA:106,0
DA:141,0
DA:150,0
DA:219,0
LF:56
LH:0
BRDA:39,0,0,0
BRDA:39,0,1,0
BRDA:49,1,0,0
BRDA:49,1,1,0
BRDA:68,2,0,0
BRDA:68,2,1,0
BRDA:85,3,0,0
BRDA:85,3,1,0
BRDA:116,4,0,0
BRDA:116,4,1,0
BRDA:125,5,0,0
BRDA:125,5,1,0
BRDA:132,6,0,0
BRDA:132,6,1,0
BRDA:168,7,0,0
BRDA:168,7,1,0
BRDA:168,7,2,0
BRDA:219,8,0,0
BRDA:219,8,1,0
BRDA:221,9,0,0
BRDA:221,9,1,0
BRDA:263,10,0,0
BRDA:263,10,1,0
BRF:23
BRH:0
end_of_record
TN:
SF:src\pages\MyProfilePage.tsx
FN:12,MyProfilePage
FN:29,(anonymous_1)
FN:55,(anonymous_2)
FN:87,(anonymous_3)
FN:91,(anonymous_4)
FN:99,(anonymous_5)
FN:138,(anonymous_6)
FN:143,(anonymous_7)
FNF:8
FNH:0
FNDA:0,MyProfilePage
FNDA:0,(anonymous_1)
FNDA:0,(anonymous_2)
FNDA:0,(anonymous_3)
FNDA:0,(anonymous_4)
FNDA:0,(anonymous_5)
FNDA:0,(anonymous_6)
FNDA:0,(anonymous_7)
DA:13,0
DA:14,0
DA:17,0
DA:18,0
DA:19,0
DA:20,0
DA:21,0
DA:24,0
DA:25,0
DA:26,0
DA:27,0
DA:29,0
DA:30,0
DA:31,0
DA:32,0
DA:33,0
DA:34,0
DA:35,0
DA:36,0
DA:37,0
DA:38,0
DA:39,0
DA:40,0
DA:42,0
DA:43,0
DA:44,0
DA:46,0
DA:48,0
DA:49,0
DA:51,0
DA:55,0
DA:56,0
DA:57,0
DA:58,0
DA:59,0
DA:60,0
DA:61,0
DA:62,0
DA:63,0
DA:65,0
DA:66,0
DA:68,0
DA:72,0
DA:87,0
DA:91,0
DA:99,0
DA:138,0
DA:143,0
LF:48
LH:0
BRDA:17,0,0,0
BRDA:17,0,1,0
BRDA:36,1,0,0
BRDA:36,1,1,0
BRDA:37,2,0,0
BRDA:37,2,1,0
BRDA:38,3,0,0
BRDA:38,3,1,0
BRDA:46,4,0,0
BRDA:46,4,1,0
BRDA:46,5,0,0
BRDA:46,5,1,0
BRDA:49,6,0,0
BRDA:49,6,1,0
BRDA:66,7,0,0
BRDA:66,7,1,0
BRDA:79,8,0,0
BRDA:79,8,1,0
BRDA:82,9,0,0
BRDA:82,9,1,0
BRDA:122,10,0,0
BRDA:122,10,1,0
BRDA:125,11,0,0
BRDA:125,11,1,0
BRF:24
BRH:0
end_of_record
TN:
SF:src\store\authStore.ts
FN:22,parseJwt
FN:31,(anonymous_1)
FN:41,(anonymous_2)
FN:53,(anonymous_3)
FN:57,(anonymous_4)
FN:61,(anonymous_5)
FN:75,(anonymous_6)
FN:98,(anonymous_7)
FN:135,(anonymous_8)
FN:136,(anonymous_9)
FNF:10
FNH:10
FNDA:5,parseJwt
FNDA:2,(anonymous_1)
FNDA:3,(anonymous_2)
FNDA:2,(anonymous_3)
FNDA:3,(anonymous_4)
FNDA:4,(anonymous_5)
FNDA:4,(anonymous_6)
FNDA:3,(anonymous_7)
FNDA:2,(anonymous_8)
FNDA:44,(anonymous_9)
DA:23,5
DA:24,5
DA:26,0
DA:30,2
DA:32,2
DA:42,3
DA:43,3
DA:54,2
DA:58,3
DA:62,4
DA:63,4
DA:64,3
DA:65,2
DA:66,2
DA:76,4
DA:79,4
DA:80,3
DA:81,3
DA:86,4
DA:99,3
DA:102,3
DA:103,1
DA:104,1
DA:108,2
DA:109,0
DA:110,0
DA:113,2
DA:114,2
DA:115,2
DA:118,1
DA:127,2
DA:135,2
DA:136,44
LF:33
LH:30
BRDA:48,0,0,3
BRDA:48,0,1,0
BRDA:49,1,0,3
BRDA:49,1,1,0
BRDA:63,2,0,1
BRDA:63,2,1,3
BRDA:70,3,0,2
BRDA:70,3,1,0
BRDA:71,4,0,4
BRDA:71,4,1,0
BRDA:79,5,0,3
BRDA:79,5,1,1
BRDA:102,6,0,1
BRDA:102,6,1,2
BRDA:108,7,0,0
BRDA:108,7,1,2
BRDA:108,8,0,2
BRDA:108,8,1,0
BRF:18
BRH:12
end_of_record
TN:
SF:src\types\api.types.ts
FNF:0
FNH:0
LF:0
LH:0
BRF:0
BRH:0
end_of_record
